This file contains any messages produced by compilers while
running configure, to aid debugging if configure makes a mistake.

It was created by libdatrie configure 0.2.13-6-gb174e65-dirty, which was
generated by GNU Autoconf 2.71.  Invocation command line was

  $ ./configure --prefix=/root/Dev/ss --disable-doxygen-doc

## --------- ##
## Platform. ##
## --------- ##

hostname = dc-c3-small-x86-01
uname -m = x86_64
uname -r = 5.15.0-47-generic
uname -s = Linux
uname -v = #51-Ubuntu SMP Thu Aug 11 07:51:15 UTC 2022

/usr/bin/uname -p = x86_64
/bin/uname -X     = unknown

/bin/arch              = x86_64
/usr/bin/arch -k       = unknown
/usr/convex/getsysinfo = unknown
/usr/bin/hostinfo      = unknown
/bin/machine           = unknown
/usr/bin/oslevel       = unknown
/bin/universe          = unknown

PATH: /usr/local/sbin/
PATH: /usr/local/bin/
PATH: /usr/sbin/
PATH: /usr/bin/
PATH: /sbin/
PATH: /bin/
PATH: /usr/games/
PATH: /usr/local/games/
PATH: /snap/bin/


## ----------- ##
## Core tests. ##
## ----------- ##

configure:2425: looking for aux files: config.guess config.sub ltmain.sh compile missing install-sh
configure:2438:  trying ./build-aux/
configure:2467:   ./build-aux/config.guess found
configure:2467:   ./build-aux/config.sub found
configure:2467:   ./build-aux/ltmain.sh found
configure:2467:   ./build-aux/compile found
configure:2467:   ./build-aux/missing found
configure:2449:   ./build-aux/install-sh found
configure:2602: checking for a BSD-compatible install
configure:2675: result: /usr/bin/install -c
configure:2686: checking whether build environment is sane
configure:2741: result: yes
configure:2900: checking for a race-free mkdir -p
configure:2944: result: /usr/bin/mkdir -p
configure:2951: checking for gawk
configure:2972: found /usr/bin/gawk
configure:2983: result: gawk
configure:2994: checking whether make sets $(MAKE)
configure:3017: result: yes
configure:3047: checking whether make supports nested variables
configure:3065: result: yes
configure:3278: checking for gcc
configure:3299: found /usr/bin/gcc
configure:3310: result: gcc
configure:3663: checking for C compiler version
configure:3672: gcc --version >&5
gcc (Ubuntu 11.2.0-19ubuntu1) 11.2.0
Copyright (C) 2021 Free Software Foundation, Inc.
This is free software; see the source for copying conditions.  There is NO
warranty; not even for MERCHANTABILITY or FITNESS FOR A PARTICULAR PURPOSE.

configure:3683: $? = 0
configure:3672: gcc -v >&5
Using built-in specs.
COLLECT_GCC=gcc
COLLECT_LTO_WRAPPER=/usr/lib/gcc/x86_64-linux-gnu/11/lto-wrapper
OFFLOAD_TARGET_NAMES=nvptx-none:amdgcn-amdhsa
OFFLOAD_TARGET_DEFAULT=1
Target: x86_64-linux-gnu
Configured with: ../src/configure -v --with-pkgversion='Ubuntu 11.2.0-19ubuntu1' --with-bugurl=file:///usr/share/doc/gcc-11/README.Bugs --enable-languages=c,ada,c++,go,brig,d,fortran,objc,obj-c++,m2 --prefix=/usr --with-gcc-major-version-only --program-suffix=-11 --program-prefix=x86_64-linux-gnu- --enable-shared --enable-linker-build-id --libexecdir=/usr/lib --without-included-gettext --enable-threads=posix --libdir=/usr/lib --enable-nls --enable-bootstrap --enable-clocale=gnu --enable-libstdcxx-debug --enable-libstdcxx-time=yes --with-default-libstdcxx-abi=new --enable-gnu-unique-object --disable-vtable-verify --enable-plugin --enable-default-pie --with-system-zlib --enable-libphobos-checking=release --with-target-system-zlib=auto --enable-objc-gc=auto --enable-multiarch --disable-werror --enable-cet --with-arch-32=i686 --with-abi=m64 --with-multilib-list=m32,m64,mx32 --enable-multilib --with-tune=generic --enable-offload-targets=nvptx-none=/build/gcc-11-gBFGDP/gcc-11-11.2.0/debian/tmp-nvptx/usr,amdgcn-amdhsa=/build/gcc-11-gBFGDP/gcc-11-11.2.0/debian/tmp-gcn/usr --without-cuda-driver --enable-checking=release --build=x86_64-linux-gnu --host=x86_64-linux-gnu --target=x86_64-linux-gnu --with-build-config=bootstrap-lto-lean --enable-link-serialization=2
Thread model: posix
Supported LTO compression algorithms: zlib zstd
gcc version 11.2.0 (Ubuntu 11.2.0-19ubuntu1) 
... rest of stderr output deleted ...
configure:3683: $? = 0
configure:3672: gcc -V >&5
gcc: error: unrecognized command-line option '-V'
gcc: fatal error: no input files
compilation terminated.
configure:3683: $? = 1
configure:3672: gcc -qversion >&5
gcc: error: unrecognized command-line option '-qversion'; did you mean '--version'?
gcc: fatal error: no input files
compilation terminated.
configure:3683: $? = 1
configure:3672: gcc -version >&5
gcc: error: unrecognized command-line option '-version'
gcc: fatal error: no input files
compilation terminated.
configure:3683: $? = 1
configure:3703: checking whether the C compiler works
configure:3725: gcc    conftest.c  >&5
configure:3729: $? = 0
configure:3779: result: yes
configure:3782: checking for C compiler default output file name
configure:3784: result: a.out
configure:3790: checking for suffix of executables
configure:3797: gcc -o conftest    conftest.c  >&5
configure:3801: $? = 0
configure:3824: result: 
configure:3846: checking whether we are cross compiling
configure:3854: gcc -o conftest    conftest.c  >&5
configure:3858: $? = 0
configure:3865: ./conftest
configure:3869: $? = 0
configure:3884: result: no
configure:3889: checking for suffix of object files
configure:3912: gcc -c   conftest.c >&5
configure:3916: $? = 0
configure:3938: result: o
configure:3942: checking whether the compiler supports GNU C
configure:3962: gcc -c   conftest.c >&5
configure:3962: $? = 0
configure:3972: result: yes
configure:3983: checking whether gcc accepts -g
configure:4004: gcc -c -g  conftest.c >&5
configure:4004: $? = 0
configure:4048: result: yes
configure:4068: checking for gcc option to enable C11 features
configure:4083: gcc  -c -g -O2  conftest.c >&5
configure:4083: $? = 0
configure:4101: result: none needed
configure:4217: checking whether gcc understands -c and -o together
configure:4240: gcc -c conftest.c -o conftest2.o
configure:4243: $? = 0
configure:4240: gcc -c conftest.c -o conftest2.o
configure:4243: $? = 0
configure:4255: result: yes
configure:4275: checking whether make supports the include directive
configure:4290: make -f confmf.GNU && cat confinc.out
this is the am__doit target
configure:4293: $? = 0
configure:4312: result: yes (GNU style)
configure:4338: checking dependency style of gcc
configure:4450: result: gcc3
configure:4466: checking whether ln -s works
configure:4470: result: yes
configure:4477: checking whether make sets $(MAKE)
configure:4500: result: yes
configure:4541: checking build system type
configure:4556: result: x86_64-pc-linux-gnu
configure:4576: checking host system type
configure:4590: result: x86_64-pc-linux-gnu
configure:4631: checking how to print strings
configure:4658: result: printf
configure:4679: checking for a sed that does not truncate output
configure:4749: result: /usr/bin/sed
configure:4767: checking for grep that handles long lines and -e
configure:4831: result: /usr/bin/grep
configure:4836: checking for egrep
configure:4904: result: /usr/bin/grep -E
configure:4909: checking for fgrep
configure:4977: result: /usr/bin/grep -F
configure:5013: checking for ld used by gcc
configure:5081: result: /usr/bin/ld
configure:5088: checking if the linker (/usr/bin/ld) is GNU ld
configure:5104: result: yes
configure:5116: checking for BSD- or MS-compatible name lister (nm)
configure:5171: result: /usr/bin/nm -B
configure:5311: checking the name lister (/usr/bin/nm -B) interface
configure:5319: gcc -c -g -O2  conftest.c >&5
configure:5322: /usr/bin/nm -B "conftest.o"
configure:5325: output
0000000000000000 B some_variable
configure:5332: result: BSD nm
configure:5336: checking the maximum length of command line arguments
configure:5468: result: 1572864
configure:5516: checking how to convert x86_64-pc-linux-gnu file names to x86_64-pc-linux-gnu format
configure:5557: result: func_convert_file_noop
configure:5564: checking how to convert x86_64-pc-linux-gnu file names to toolchain format
configure:5585: result: func_convert_file_noop
configure:5592: checking for /usr/bin/ld option to reload object files
configure:5600: result: -r
configure:5679: checking for objdump
configure:5700: found /usr/bin/objdump
configure:5711: result: objdump
configure:5743: checking how to recognize dependent libraries
configure:5944: result: pass_all
configure:6034: checking for dlltool
configure:6069: result: no
configure:6099: checking how to associate runtime and link libraries
configure:6127: result: printf %s\n
configure:6193: checking for ar
configure:6214: found /usr/bin/ar
configure:6225: result: ar
configure:6262: checking for archiver @FILE support
configure:6280: gcc -c -g -O2  conftest.c >&5
configure:6280: $? = 0
configure:6284: ar cr libconftest.a @conftest.lst >&5
configure:6287: $? = 0
configure:6292: ar cr libconftest.a @conftest.lst >&5
ar: conftest.o: No such file or directory
configure:6295: $? = 1
configure:6307: result: @
configure:6370: checking for strip
configure:6391: found /usr/bin/strip
configure:6402: result: strip
configure:6479: checking for ranlib
configure:6500: found /usr/bin/ranlib
configure:6511: result: ranlib
configure:6613: checking command to parse /usr/bin/nm -B output from gcc object
configure:6767: gcc -c -g -O2  conftest.c >&5
configure:6770: $? = 0
configure:6774: /usr/bin/nm -B conftest.o | sed -n -e 's/^.*[	 ]\([ABCDGIRSTW][ABCDGIRSTW]*\)[	 ][	 ]*\([_A-Za-z][_A-Za-z0-9]*\)$/\1 \2 \2/p' | sed '/ __gnu_lto/d' > conftest.nm
configure:6840: gcc -o conftest -g -O2   conftest.c conftstm.o >&5
configure:6843: $? = 0
configure:6881: result: ok
configure:6928: checking for sysroot
configure:6959: result: no
configure:6966: checking for a working dd
configure:7010: result: /usr/bin/dd
configure:7014: checking how to truncate binary pipes
configure:7030: result: /usr/bin/dd bs=4096 count=1
configure:7167: gcc -c -g -O2  conftest.c >&5
configure:7170: $? = 0
configure:7367: checking for mt
configure:7388: found /usr/bin/mt
configure:7399: result: mt
configure:7422: checking if mt is a manifest tool
configure:7429: mt '-?'
configure:7437: result: no
configure:8167: checking for stdio.h
configure:8167: gcc -c -g -O2  conftest.c >&5
configure:8167: $? = 0
configure:8167: result: yes
configure:8167: checking for stdlib.h
configure:8167: gcc -c -g -O2  conftest.c >&5
configure:8167: $? = 0
configure:8167: result: yes
configure:8167: checking for string.h
configure:8167: gcc -c -g -O2  conftest.c >&5
configure:8167: $? = 0
configure:8167: result: yes
configure:8167: checking for inttypes.h
configure:8167: gcc -c -g -O2  conftest.c >&5
configure:8167: $? = 0
configure:8167: result: yes
configure:8167: checking for stdint.h
configure:8167: gcc -c -g -O2  conftest.c >&5
configure:8167: $? = 0
configure:8167: result: yes
configure:8167: checking for strings.h
configure:8167: gcc -c -g -O2  conftest.c >&5
configure:8167: $? = 0
configure:8167: result: yes
configure:8167: checking for sys/stat.h
configure:8167: gcc -c -g -O2  conftest.c >&5
configure:8167: $? = 0
configure:8167: result: yes
configure:8167: checking for sys/types.h
configure:8167: gcc -c -g -O2  conftest.c >&5
configure:8167: $? = 0
configure:8167: result: yes
configure:8167: checking for unistd.h
configure:8167: gcc -c -g -O2  conftest.c >&5
configure:8167: $? = 0
configure:8167: result: yes
configure:8192: checking for dlfcn.h
configure:8192: gcc -c -g -O2  conftest.c >&5
configure:8192: $? = 0
configure:8192: result: yes
configure:8451: checking for objdir
configure:8467: result: .libs
configure:8731: checking if gcc supports -fno-rtti -fno-exceptions
configure:8750: gcc -c -g -O2  -fno-rtti -fno-exceptions conftest.c >&5
cc1: warning: command-line option '-fno-rtti' is valid for C++/D/ObjC++ but not for C
configure:8754: $? = 0
configure:8767: result: no
configure:9131: checking for gcc option to produce PIC
configure:9139: result: -fPIC -DPIC
configure:9147: checking if gcc PIC flag -fPIC -DPIC works
configure:9166: gcc -c -g -O2  -fPIC -DPIC -DPIC conftest.c >&5
configure:9170: $? = 0
configure:9183: result: yes
configure:9212: checking if gcc static flag -static works
configure:9241: result: yes
configure:9256: checking if gcc supports -c -o file.o
configure:9278: gcc -c -g -O2  -o out/conftest2.o conftest.c >&5
configure:9282: $? = 0
configure:9304: result: yes
configure:9312: checking if gcc supports -c -o file.o
configure:9360: result: yes
configure:9393: checking whether the gcc linker (/usr/bin/ld -m elf_x86_64) supports shared libraries
configure:10663: result: yes
configure:10700: checking whether -lc should be explicitly linked in
configure:10709: gcc -c -g -O2  conftest.c >&5
configure:10712: $? = 0
configure:10727: gcc -shared  -fPIC -DPIC conftest.o  -v -Wl,-soname -Wl,conftest -o conftest 2\>\&1 \| /usr/bin/grep  -lc  \>/dev/null 2\>\&1
configure:10730: $? = 0
configure:10744: result: no
configure:10904: checking dynamic linker characteristics
configure:11486: gcc -o conftest -g -O2   -Wl,-rpath -Wl,/foo conftest.c  >&5
configure:11486: $? = 0
configure:11737: result: GNU/Linux ld.so
configure:11859: checking how to hardcode library paths into programs
configure:11884: result: immediate
configure:12436: checking whether stripping libraries is possible
configure:12441: result: yes
configure:12476: checking if libtool supports shared libraries
configure:12478: result: yes
configure:12481: checking whether to build shared libraries
configure:12506: result: yes
configure:12509: checking whether to build static libraries
configure:12513: result: yes
configure:12553: checking whether linker supports -version-script
configure:12582: result: yes
configure:12608: checking for iconv_open
configure:12608: gcc -o conftest -g -O2   conftest.c  >&5
configure:12608: $? = 0
configure:12608: result: yes
configure:12714: checking for locale_charset in -liconv
configure:12737: gcc -o conftest -g -O2   conftest.c -liconv   >&5
/usr/bin/ld: cannot find -liconv: No such file or directory
collect2: error: ld returned 1 exit status
configure:12737: $? = 1
configure: failed program was:
| /* confdefs.h */
| #define PACKAGE_NAME "libdatrie"
| #define PACKAGE_TARNAME "libdatrie"
| #define PACKAGE_VERSION "0.2.13-6-gb174e65-dirty"
| #define PACKAGE_STRING "libdatrie 0.2.13-6-gb174e65-dirty"
| #define PACKAGE_BUGREPORT "https://github.com/tlwg/libdatrie/issues"
| #define PACKAGE_URL ""
| #define PACKAGE "libdatrie"
| #define VERSION "0.2.13-6-gb174e65-dirty"
| #define HAVE_STDIO_H 1
| #define HAVE_STDLIB_H 1
| #define HAVE_STRING_H 1
| #define HAVE_INTTYPES_H 1
| #define HAVE_STDINT_H 1
| #define HAVE_STRINGS_H 1
| #define HAVE_SYS_STAT_H 1
| #define HAVE_SYS_TYPES_H 1
| #define HAVE_UNISTD_H 1
| #define STDC_HEADERS 1
| #define HAVE_DLFCN_H 1
| #define LT_OBJDIR ".libs/"
| /* end confdefs.h.  */
| 
| /* Override any GCC internal prototype to avoid an error.
|    Use char because int might match the return type of a GCC
|    builtin and then its argument prototype would still apply.  */
| char locale_charset ();
| int
| main (void)
| {
| return locale_charset ();
|   ;
|   return 0;
| }
configure:12747: result: no
configure:12761: checking for nl_langinfo (CODESET)
configure:12779: gcc -c -g -O2  conftest.c >&5
configure:12779: $? = 0
configure:12788: result: yes
configure:12803: checking for limits.h
configure:12803: gcc -c -g -O2  conftest.c >&5
configure:12803: $? = 0
configure:12803: result: yes
configure:12809: checking for stdlib.h
configure:12809: result: yes
configure:12815: checking for stdio.h
configure:12815: result: yes
configure:12821: checking for string.h
configure:12821: result: yes
configure:12830: checking for an ANSI C-conforming const
configure:12897: gcc -c -g -O2  conftest.c >&5
configure:12897: $? = 0
configure:12905: result: yes
configure:12913: checking for size_t
configure:12913: gcc -c -g -O2  conftest.c >&5
configure:12913: $? = 0
configure:12913: gcc -c -g -O2  conftest.c >&5
conftest.c: In function 'main':
conftest.c:59:21: error: expected expression before ')' token
   59 | if (sizeof ((size_t)))
      |                     ^
configure:12913: $? = 1
configure: failed program was:
| /* confdefs.h */
| #define PACKAGE_NAME "libdatrie"
| #define PACKAGE_TARNAME "libdatrie"
| #define PACKAGE_VERSION "0.2.13-6-gb174e65-dirty"
| #define PACKAGE_STRING "libdatrie 0.2.13-6-gb174e65-dirty"
| #define PACKAGE_BUGREPORT "https://github.com/tlwg/libdatrie/issues"
| #define PACKAGE_URL ""
| #define PACKAGE "libdatrie"
| #define VERSION "0.2.13-6-gb174e65-dirty"
| #define HAVE_STDIO_H 1
| #define HAVE_STDLIB_H 1
| #define HAVE_STRING_H 1
| #define HAVE_INTTYPES_H 1
| #define HAVE_STDINT_H 1
| #define HAVE_STRINGS_H 1
| #define HAVE_SYS_STAT_H 1
| #define HAVE_SYS_TYPES_H 1
| #define HAVE_UNISTD_H 1
| #define STDC_HEADERS 1
| #define HAVE_DLFCN_H 1
| #define LT_OBJDIR ".libs/"
| #define HAVE_LANGINFO_CODESET 1
| #define HAVE_LIMITS_H 1
| #define HAVE_STDLIB_H 1
| #define HAVE_STDIO_H 1
| #define HAVE_STRING_H 1
| /* end confdefs.h.  */
| #include <stddef.h>
| #ifdef HAVE_STDIO_H
| # include <stdio.h>
| #endif
| #ifdef HAVE_STDLIB_H
| # include <stdlib.h>
| #endif
| #ifdef HAVE_STRING_H
| # include <string.h>
| #endif
| #ifdef HAVE_INTTYPES_H
| # include <inttypes.h>
| #endif
| #ifdef HAVE_STDINT_H
| # include <stdint.h>
| #endif
| #ifdef HAVE_STRINGS_H
| # include <strings.h>
| #endif
| #ifdef HAVE_SYS_TYPES_H
| # include <sys/types.h>
| #endif
| #ifdef HAVE_SYS_STAT_H
| # include <sys/stat.h>
| #endif
| #ifdef HAVE_UNISTD_H
| # include <unistd.h>
| #endif
| int
| main (void)
| {
| if (sizeof ((size_t)))
| 	    return 0;
|   ;
|   return 0;
| }
configure:12913: result: yes
configure:12953: checking for malloc
configure:12953: gcc -o conftest -g -O2   conftest.c  >&5
conftest.c:44:6: warning: conflicting types for built-in function 'malloc'; expected 'void *(long unsigned int)' [-Wbuiltin-declaration-mismatch]
   44 | char malloc ();
      |      ^~~~~~
conftest.c:36:1: note: 'malloc' is declared in header '<stdlib.h>'
   35 | #include <limits.h>
   36 | #undef malloc
configure:12953: $? = 0
configure:12953: result: yes
configure:13064: checking that generated files are newer than configure
configure:13070: result: done
configure:13101: creating ./config.status

## ---------------------- ##
## Running config.status. ##
## ---------------------- ##

This file was extended by libdatrie config.status 0.2.13-6-gb174e65-dirty, which was
generated by GNU Autoconf 2.71.  Invocation command line was

  CONFIG_FILES    = 
  CONFIG_HEADERS  = 
  CONFIG_LINKS    = 
  CONFIG_COMMANDS = 
  $ ./config.status 

on dc-c3-small-x86-01

config.status:1101: creating Makefile
config.status:1101: creating datrie-0.2.pc
config.status:1101: creating datrie/Makefile
config.status:1101: creating tools/Makefile
config.status:1101: creating man/Makefile
config.status:1101: creating doc/Makefile
config.status:1101: creating doc/Doxyfile
config.status:1101: creating tests/Makefile
config.status:1101: creating config.h
config.status:1282: config.h is unchanged
config.status:1330: executing depfiles commands
config.status:1407: cd datrie       && sed -e '/# am--include-marker/d' Makefile         | make -f - am--depfiles
make: Nothing to be done for 'am--depfiles'.
config.status:1412: $? = 0
config.status:1407: cd tools       && sed -e '/# am--include-marker/d' Makefile         | make -f - am--depfiles
make: Nothing to be done for 'am--depfiles'.
config.status:1412: $? = 0
config.status:1407: cd tests       && sed -e '/# am--include-marker/d' Makefile         | make -f - am--depfiles
make: Nothing to be done for 'am--depfiles'.
config.status:1412: $? = 0
config.status:1330: executing libtool commands

## ---------------- ##
## Cache variables. ##
## ---------------- ##

ac_cv_build=x86_64-pc-linux-gnu
ac_cv_c_compiler_gnu=yes
ac_cv_c_const=yes
ac_cv_env_CC_set=
ac_cv_env_CC_value=
ac_cv_env_CFLAGS_set=
ac_cv_env_CFLAGS_value=
ac_cv_env_CPPFLAGS_set=
ac_cv_env_CPPFLAGS_value=
ac_cv_env_LDFLAGS_set=
ac_cv_env_LDFLAGS_value=
ac_cv_env_LIBS_set=
ac_cv_env_LIBS_value=
ac_cv_env_LT_SYS_LIBRARY_PATH_set=
ac_cv_env_LT_SYS_LIBRARY_PATH_value=
ac_cv_env_build_alias_set=
ac_cv_env_build_alias_value=
ac_cv_env_host_alias_set=
ac_cv_env_host_alias_value=
ac_cv_env_target_alias_set=
ac_cv_env_target_alias_value=
ac_cv_func_iconv_open=yes
ac_cv_func_malloc=yes
ac_cv_header_dlfcn_h=yes
ac_cv_header_inttypes_h=yes
ac_cv_header_limits_h=yes
ac_cv_header_stdint_h=yes
ac_cv_header_stdio_h=yes
ac_cv_header_stdlib_h=yes
ac_cv_header_string_h=yes
ac_cv_header_strings_h=yes
ac_cv_header_sys_stat_h=yes
ac_cv_header_sys_types_h=yes
ac_cv_header_unistd_h=yes
ac_cv_host=x86_64-pc-linux-gnu
ac_cv_lib_iconv_locale_charset=no
ac_cv_objext=o
ac_cv_path_EGREP='/usr/bin/grep -E'
ac_cv_path_FGREP='/usr/bin/grep -F'
ac_cv_path_GREP=/usr/bin/grep
ac_cv_path_SED=/usr/bin/sed
ac_cv_path_install='/usr/bin/install -c'
ac_cv_path_lt_DD=/usr/bin/dd
ac_cv_path_mkdir=/usr/bin/mkdir
ac_cv_prog_AWK=gawk
ac_cv_prog_ac_ct_AR=ar
ac_cv_prog_ac_ct_CC=gcc
ac_cv_prog_ac_ct_MANIFEST_TOOL=mt
ac_cv_prog_ac_ct_OBJDUMP=objdump
ac_cv_prog_ac_ct_RANLIB=ranlib
ac_cv_prog_ac_ct_STRIP=strip
ac_cv_prog_cc_c11=
ac_cv_prog_cc_g=yes
ac_cv_prog_cc_stdc=
ac_cv_prog_make_make_set=yes
ac_cv_type_size_t=yes
am_cv_CC_dependencies_compiler_type=gcc3
am_cv_make_support_nested_variables=yes
am_cv_prog_cc_c_o=yes
datrie_cv_have_version_script=yes
datrie_cv_langinfo_codeset=yes
lt_cv_ar_at_file=@
lt_cv_archive_cmds_need_lc=no
lt_cv_deplibs_check_method=pass_all
lt_cv_file_magic_cmd='$MAGIC_CMD'
lt_cv_file_magic_test_file=
lt_cv_ld_reload_flag=-r
lt_cv_nm_interface='BSD nm'
lt_cv_objdir=.libs
lt_cv_path_LD=/usr/bin/ld
lt_cv_path_NM='/usr/bin/nm -B'
lt_cv_path_mainfest_tool=no
lt_cv_prog_compiler_c_o=yes
lt_cv_prog_compiler_pic='-fPIC -DPIC'
lt_cv_prog_compiler_pic_works=yes
lt_cv_prog_compiler_rtti_exceptions=no
lt_cv_prog_compiler_static_works=yes
lt_cv_prog_gnu_ld=yes
lt_cv_sharedlib_from_linklib_cmd='printf %s\n'
lt_cv_shlibpath_overrides_runpath=yes
lt_cv_sys_global_symbol_pipe='sed -n -e '\''s/^.*[	 ]\([ABCDGIRSTW][ABCDGIRSTW]*\)[	 ][	 ]*\([_A-Za-z][_A-Za-z0-9]*\)$/\1 \2 \2/p'\'' | sed '\''/ __gnu_lto/d'\'''
lt_cv_sys_global_symbol_to_c_name_address='sed -n -e '\''s/^: \(.*\) .*$/  {"\1", (void *) 0},/p'\'' -e '\''s/^[ABCDGIRSTW][ABCDGIRSTW]* .* \(.*\)$/  {"\1", (void *) \&\1},/p'\'''
lt_cv_sys_global_symbol_to_c_name_address_lib_prefix='sed -n -e '\''s/^: \(.*\) .*$/  {"\1", (void *) 0},/p'\'' -e '\''s/^[ABCDGIRSTW][ABCDGIRSTW]* .* \(lib.*\)$/  {"\1", (void *) \&\1},/p'\'' -e '\''s/^[ABCDGIRSTW][ABCDGIRSTW]* .* \(.*\)$/  {"lib\1", (void *) \&\1},/p'\'''
lt_cv_sys_global_symbol_to_cdecl='sed -n -e '\''s/^T .* \(.*\)$/extern int \1();/p'\'' -e '\''s/^[ABCDGIRSTW][ABCDGIRSTW]* .* \(.*\)$/extern char \1;/p'\'''
lt_cv_sys_global_symbol_to_import=
lt_cv_sys_max_cmd_len=1572864
lt_cv_to_host_file_cmd=func_convert_file_noop
lt_cv_to_tool_file_cmd=func_convert_file_noop
lt_cv_truncate_bin='/usr/bin/dd bs=4096 count=1'

## ----------------- ##
## Output variables. ##
## ----------------- ##

ACLOCAL='${SHELL} '\''/root/Dev/libdatrie/build-aux/missing'\'' aclocal-1.16'
AMDEPBACKSLASH='\'
AMDEP_FALSE='#'
AMDEP_TRUE=''
AMTAR='$${TAR-tar}'
AM_BACKSLASH='\'
AM_DEFAULT_V='$(AM_DEFAULT_VERBOSITY)'
AM_DEFAULT_VERBOSITY='1'
AM_V='$(V)'
AR='ar'
AUTOCONF='${SHELL} '\''/root/Dev/libdatrie/build-aux/missing'\'' autoconf'
AUTOHEADER='${SHELL} '\''/root/Dev/libdatrie/build-aux/missing'\'' autoheader'
AUTOMAKE='${SHELL} '\''/root/Dev/libdatrie/build-aux/missing'\'' automake-1.16'
AWK='gawk'
CC='gcc'
CCDEPMODE='depmode=gcc3'
CFLAGS='-g -O2'
CPPFLAGS=''
CSCOPE='cscope'
CTAGS='ctags'
CYGPATH_W='echo'
DEFS='-DHAVE_CONFIG_H'
DEPDIR='.deps'
DLLTOOL='false'
DSYMUTIL=''
DUMPBIN=''
ECHO_C=''
ECHO_N='-n'
ECHO_T=''
EGREP='/usr/bin/grep -E'
ENABLE_DOXYGEN_DOC_FALSE=''
ENABLE_DOXYGEN_DOC_TRUE='#'
ETAGS='etags'
EXEEXT=''
FGREP='/usr/bin/grep -F'
GREP='/usr/bin/grep'
ICONV_LIBS=''
INSTALL_DATA='${INSTALL} -m 644'
INSTALL_PROGRAM='${INSTALL}'
INSTALL_SCRIPT='${INSTALL}'
INSTALL_STRIP_PROGRAM='$(install_sh) -c -s'
LD='/usr/bin/ld -m elf_x86_64'
LDFLAGS=''
LD_HAS_VERSION_SCRIPT_FALSE='#'
LD_HAS_VERSION_SCRIPT_TRUE=''
LIBOBJS=''
LIBS=''
LIBTOOL='$(SHELL) $(top_builddir)/libtool'
LIPO=''
LN_S='ln -s'
LTLIBOBJS=''
LT_AGE='4'
LT_CURRENT='5'
LT_REVISION='0'
LT_SYS_LIBRARY_PATH=''
MAKEINFO='${SHELL} '\''/root/Dev/libdatrie/build-aux/missing'\'' makeinfo'
MANIFEST_TOOL=':'
MKDIR_P='/usr/bin/mkdir -p'
NM='/usr/bin/nm -B'
NMEDIT=''
OBJDUMP='objdump'
OBJEXT='o'
OTOOL64=''
OTOOL=''
PACKAGE='libdatrie'
PACKAGE_BUGREPORT='https://github.com/tlwg/libdatrie/issues'
PACKAGE_NAME='libdatrie'
PACKAGE_STRING='libdatrie 0.2.13-6-gb174e65-dirty'
PACKAGE_TARNAME='libdatrie'
PACKAGE_URL=''
PACKAGE_VERSION='0.2.13-6-gb174e65-dirty'
PATH_SEPARATOR=':'
RANLIB='ranlib'
SED='/usr/bin/sed'
SET_MAKE=''
SHELL='/bin/bash'
STRIP='strip'
VERSION='0.2.13-6-gb174e65-dirty'
ac_ct_AR='ar'
ac_ct_CC='gcc'
ac_ct_DUMPBIN=''
am__EXEEXT_FALSE=''
am__EXEEXT_TRUE='#'
am__fastdepCC_FALSE='#'
am__fastdepCC_TRUE=''
am__include='include'
am__isrc=''
am__leading_dot='.'
am__nodep='_no'
am__quote=''
am__tar='$${TAR-tar} chof - "$$tardir"'
am__untar='$${TAR-tar} xf -'
bindir='${exec_prefix}/bin'
build='x86_64-pc-linux-gnu'
build_alias=''
build_cpu='x86_64'
build_os='linux-gnu'
build_vendor='pc'
datadir='${datarootdir}'
datarootdir='${prefix}/share'
docdir='${datarootdir}/doc/${PACKAGE_TARNAME}'
dvidir='${docdir}'
exec_prefix='${prefix}'
host='x86_64-pc-linux-gnu'
host_alias=''
host_cpu='x86_64'
host_os='linux-gnu'
host_vendor='pc'
htmldir='${docdir}'
htmldocdir='${prefix}/share/doc/datrie/html'
includedir='${prefix}/include'
infodir='${datarootdir}/info'
install_sh='${SHELL} /root/Dev/libdatrie/build-aux/install-sh'
libdir='${exec_prefix}/lib'
libexecdir='${exec_prefix}/libexec'
localedir='${datarootdir}/locale'
localstatedir='${prefix}/var'
mandir='${datarootdir}/man'
mkdir_p='$(MKDIR_P)'
oldincludedir='/usr/include'
pdfdir='${docdir}'
prefix='/root/Dev/ss'
program_transform_name='s,x,x,'
psdir='${docdir}'
runstatedir='${localstatedir}/run'
sbindir='${exec_prefix}/sbin'
sharedstatedir='${prefix}/com'
sysconfdir='${prefix}/etc'
target_alias=''

## ----------- ##
## confdefs.h. ##
## ----------- ##

/* confdefs.h */
#define PACKAGE_NAME "libdatrie"
#define PACKAGE_TARNAME "libdatrie"
#define PACKAGE_VERSION "0.2.13-6-gb174e65-dirty"
#define PACKAGE_STRING "libdatrie 0.2.13-6-gb174e65-dirty"
#define PACKAGE_BUGREPORT "https://github.com/tlwg/libdatrie/issues"
#define PACKAGE_URL ""
#define PACKAGE "libdatrie"
#define VERSION "0.2.13-6-gb174e65-dirty"
#define HAVE_STDIO_H 1
#define HAVE_STDLIB_H 1
#define HAVE_STRING_H 1
#define HAVE_INTTYPES_H 1
#define HAVE_STDINT_H 1
#define HAVE_STRINGS_H 1
#define HAVE_SYS_STAT_H 1
#define HAVE_SYS_TYPES_H 1
#define HAVE_UNISTD_H 1
#define STDC_HEADERS 1
#define HAVE_DLFCN_H 1
#define LT_OBJDIR ".libs/"
#define HAVE_LANGINFO_CODESET 1
#define HAVE_LIMITS_H 1
#define HAVE_STDLIB_H 1
#define HAVE_STDIO_H 1
#define HAVE_STRING_H 1
#define HAVE_MALLOC 1

configure: exit 0

## ---------------------- ##
## Running config.status. ##
## ---------------------- ##

This file was extended by libdatrie config.status 0.2.13-6-gb174e65-dirty, which was
generated by GNU Autoconf 2.71.  Invocation command line was

  CONFIG_FILES    = 
  CONFIG_HEADERS  = 
  CONFIG_LINKS    = 
  CONFIG_COMMANDS = 
  $ ./config.status config.h

on dc-c3-small-x86-01

config.status:1101: creating config.h
